{"D:\\PROYECTOS\\CalidadSoftware\\benefits-system\\src\\MembershipService.js": {"path":"D:\\PROYECTOS\\CalidadSoftware\\benefits-system\\src\\MembershipService.js","statementMap":{"0":{"start":{"line":8,"column":4},"end":{"line":8,"column":53}},"1":{"start":{"line":17,"column":4},"end":{"line":19,"column":5}},"2":{"start":{"line":18,"column":6},"end":{"line":18,"column":72}},"3":{"start":{"line":21,"column":21},"end":{"line":21,"column":64}},"4":{"start":{"line":22,"column":4},"end":{"line":24,"column":5}},"5":{"start":{"line":23,"column":6},"end":{"line":23,"column":71}},"6":{"start":{"line":26,"column":23},"end":{"line":34,"column":5}},"7":{"start":{"line":36,"column":4},"end":{"line":36,"column":47}},"8":{"start":{"line":37,"column":4},"end":{"line":37,"column":22}},"9":{"start":{"line":46,"column":23},"end":{"line":46,"column":61}},"10":{"start":{"line":47,"column":4},"end":{"line":49,"column":5}},"11":{"start":{"line":48,"column":6},"end":{"line":48,"column":56}},"12":{"start":{"line":50,"column":4},"end":{"line":52,"column":5}},"13":{"start":{"line":51,"column":6},"end":{"line":51,"column":60}},"14":{"start":{"line":53,"column":4},"end":{"line":53,"column":29}},"15":{"start":{"line":54,"column":4},"end":{"line":54,"column":49}},"16":{"start":{"line":55,"column":4},"end":{"line":55,"column":22}},"17":{"start":{"line":64,"column":23},"end":{"line":64,"column":61}},"18":{"start":{"line":65,"column":4},"end":{"line":67,"column":5}},"19":{"start":{"line":66,"column":6},"end":{"line":66,"column":56}},"20":{"start":{"line":68,"column":4},"end":{"line":70,"column":5}},"21":{"start":{"line":69,"column":6},"end":{"line":69,"column":62}},"22":{"start":{"line":71,"column":4},"end":{"line":71,"column":30}},"23":{"start":{"line":72,"column":4},"end":{"line":72,"column":49}},"24":{"start":{"line":73,"column":4},"end":{"line":73,"column":22}},"25":{"start":{"line":82,"column":23},"end":{"line":82,"column":61}},"26":{"start":{"line":83,"column":4},"end":{"line":85,"column":5}},"27":{"start":{"line":84,"column":6},"end":{"line":84,"column":56}},"28":{"start":{"line":86,"column":4},"end":{"line":92,"column":6}},"29":{"start":{"line":96,"column":0},"end":{"line":96,"column":35}}},"fnMap":{"0":{"name":"(anonymous_0)","decl":{"start":{"line":7,"column":2},"end":{"line":7,"column":3}},"loc":{"start":{"line":7,"column":36},"end":{"line":9,"column":3}},"line":7},"1":{"name":"(anonymous_1)","decl":{"start":{"line":16,"column":2},"end":{"line":16,"column":3}},"loc":{"start":{"line":16,"column":27},"end":{"line":38,"column":3}},"line":16},"2":{"name":"(anonymous_2)","decl":{"start":{"line":45,"column":2},"end":{"line":45,"column":3}},"loc":{"start":{"line":45,"column":25},"end":{"line":56,"column":3}},"line":45},"3":{"name":"(anonymous_3)","decl":{"start":{"line":63,"column":2},"end":{"line":63,"column":3}},"loc":{"start":{"line":63,"column":27},"end":{"line":74,"column":3}},"line":63},"4":{"name":"(anonymous_4)","decl":{"start":{"line":81,"column":2},"end":{"line":81,"column":3}},"loc":{"start":{"line":81,"column":26},"end":{"line":93,"column":3}},"line":81}},"branchMap":{"0":{"loc":{"start":{"line":17,"column":4},"end":{"line":19,"column":5}},"type":"if","locations":[{"start":{"line":17,"column":4},"end":{"line":19,"column":5}},{"start":{},"end":{}}],"line":17},"1":{"loc":{"start":{"line":17,"column":8},"end":{"line":17,"column":68}},"type":"binary-expr","locations":[{"start":{"line":17,"column":8},"end":{"line":17,"column":13}},{"start":{"line":17,"column":17},"end":{"line":17,"column":25}},{"start":{"line":17,"column":29},"end":{"line":17,"column":39}},{"start":{"line":17,"column":43},"end":{"line":17,"column":54}},{"start":{"line":17,"column":58},"end":{"line":17,"column":68}}],"line":17},"2":{"loc":{"start":{"line":22,"column":4},"end":{"line":24,"column":5}},"type":"if","locations":[{"start":{"line":22,"column":4},"end":{"line":24,"column":5}},{"start":{},"end":{}}],"line":22},"3":{"loc":{"start":{"line":47,"column":4},"end":{"line":49,"column":5}},"type":"if","locations":[{"start":{"line":47,"column":4},"end":{"line":49,"column":5}},{"start":{},"end":{}}],"line":47},"4":{"loc":{"start":{"line":50,"column":4},"end":{"line":52,"column":5}},"type":"if","locations":[{"start":{"line":50,"column":4},"end":{"line":52,"column":5}},{"start":{},"end":{}}],"line":50},"5":{"loc":{"start":{"line":65,"column":4},"end":{"line":67,"column":5}},"type":"if","locations":[{"start":{"line":65,"column":4},"end":{"line":67,"column":5}},{"start":{},"end":{}}],"line":65},"6":{"loc":{"start":{"line":68,"column":4},"end":{"line":70,"column":5}},"type":"if","locations":[{"start":{"line":68,"column":4},"end":{"line":70,"column":5}},{"start":{},"end":{}}],"line":68},"7":{"loc":{"start":{"line":83,"column":4},"end":{"line":85,"column":5}},"type":"if","locations":[{"start":{"line":83,"column":4},"end":{"line":85,"column":5}},{"start":{},"end":{}}],"line":83}},"s":{"0":10,"1":3,"2":1,"3":2,"4":2,"5":1,"6":1,"7":1,"8":1,"9":3,"10":3,"11":1,"12":2,"13":1,"14":1,"15":1,"16":1,"17":2,"18":2,"19":0,"20":2,"21":1,"22":1,"23":1,"24":1,"25":2,"26":2,"27":1,"28":1,"29":1},"f":{"0":10,"1":3,"2":3,"3":2,"4":2},"b":{"0":[1,2],"1":[3,3,3,3,2],"2":[1,1],"3":[1,2],"4":[1,1],"5":[0,2],"6":[1,1],"7":[1,1]},"_coverageSchema":"1a1c01bbd47fc00a2c39e90264f33305004495a9","hash":"c7f02e608cab2011fbcc21c73a205cd44bc00482"}
,"D:\\PROYECTOS\\CalidadSoftware\\benefits-system\\src\\PointsService.js": {"path":"D:\\PROYECTOS\\CalidadSoftware\\benefits-system\\src\\PointsService.js","statementMap":{"0":{"start":{"line":8,"column":4},"end":{"line":8,"column":53}},"1":{"start":{"line":9,"column":4},"end":{"line":9,"column":49}},"2":{"start":{"line":12,"column":4},"end":{"line":15,"column":6}},"3":{"start":{"line":18,"column":4},"end":{"line":21,"column":6}},"4":{"start":{"line":29,"column":4},"end":{"line":31,"column":5}},"5":{"start":{"line":30,"column":6},"end":{"line":30,"column":66}},"6":{"start":{"line":32,"column":4},"end":{"line":32,"column":69}},"7":{"start":{"line":33,"column":4},"end":{"line":33,"column":34}},"8":{"start":{"line":41,"column":4},"end":{"line":43,"column":5}},"9":{"start":{"line":42,"column":6},"end":{"line":42,"column":64}},"10":{"start":{"line":44,"column":4},"end":{"line":44,"column":65}},"11":{"start":{"line":45,"column":4},"end":{"line":45,"column":32}},"12":{"start":{"line":54,"column":23},"end":{"line":54,"column":67}},"13":{"start":{"line":55,"column":4},"end":{"line":57,"column":5}},"14":{"start":{"line":56,"column":6},"end":{"line":56,"column":62}},"15":{"start":{"line":58,"column":4},"end":{"line":60,"column":5}},"16":{"start":{"line":59,"column":6},"end":{"line":59,"column":81}},"17":{"start":{"line":63,"column":6},"end":{"line":63,"column":82}},"18":{"start":{"line":65,"column":4},"end":{"line":65,"column":38}},"19":{"start":{"line":66,"column":4},"end":{"line":66,"column":49}},"20":{"start":{"line":68,"column":21},"end":{"line":74,"column":5}},"21":{"start":{"line":75,"column":4},"end":{"line":75,"column":43}},"22":{"start":{"line":77,"column":4},"end":{"line":77,"column":60}},"23":{"start":{"line":87,"column":4},"end":{"line":89,"column":5}},"24":{"start":{"line":88,"column":6},"end":{"line":88,"column":77}},"25":{"start":{"line":90,"column":4},"end":{"line":94,"column":5}},"26":{"start":{"line":91,"column":6},"end":{"line":93,"column":8}},"27":{"start":{"line":96,"column":23},"end":{"line":96,"column":67}},"28":{"start":{"line":97,"column":4},"end":{"line":99,"column":5}},"29":{"start":{"line":98,"column":6},"end":{"line":98,"column":62}},"30":{"start":{"line":100,"column":4},"end":{"line":102,"column":5}},"31":{"start":{"line":101,"column":6},"end":{"line":101,"column":80}},"32":{"start":{"line":103,"column":4},"end":{"line":107,"column":5}},"33":{"start":{"line":104,"column":6},"end":{"line":106,"column":8}},"34":{"start":{"line":110,"column":6},"end":{"line":111,"column":39}},"35":{"start":{"line":113,"column":4},"end":{"line":113,"column":40}},"36":{"start":{"line":114,"column":4},"end":{"line":114,"column":49}},"37":{"start":{"line":116,"column":21},"end":{"line":122,"column":5}},"38":{"start":{"line":123,"column":4},"end":{"line":123,"column":43}},"39":{"start":{"line":125,"column":4},"end":{"line":125,"column":105}},"40":{"start":{"line":134,"column":23},"end":{"line":134,"column":67}},"41":{"start":{"line":135,"column":4},"end":{"line":137,"column":5}},"42":{"start":{"line":136,"column":6},"end":{"line":136,"column":62}},"43":{"start":{"line":139,"column":22},"end":{"line":139,"column":70}},"44":{"start":{"line":140,"column":4},"end":{"line":140,"column":21}},"45":{"start":{"line":144,"column":0},"end":{"line":144,"column":31}}},"fnMap":{"0":{"name":"(anonymous_0)","decl":{"start":{"line":7,"column":2},"end":{"line":7,"column":3}},"loc":{"start":{"line":7,"column":56},"end":{"line":22,"column":3}},"line":7},"1":{"name":"(anonymous_1)","decl":{"start":{"line":28,"column":2},"end":{"line":28,"column":3}},"loc":{"start":{"line":28,"column":30},"end":{"line":34,"column":3}},"line":28},"2":{"name":"(anonymous_2)","decl":{"start":{"line":40,"column":2},"end":{"line":40,"column":3}},"loc":{"start":{"line":40,"column":28},"end":{"line":46,"column":3}},"line":40},"3":{"name":"(anonymous_3)","decl":{"start":{"line":53,"column":2},"end":{"line":53,"column":3}},"loc":{"start":{"line":53,"column":29},"end":{"line":78,"column":3}},"line":53},"4":{"name":"(anonymous_4)","decl":{"start":{"line":86,"column":2},"end":{"line":86,"column":3}},"loc":{"start":{"line":86,"column":41},"end":{"line":126,"column":3}},"line":86},"5":{"name":"(anonymous_5)","decl":{"start":{"line":133,"column":2},"end":{"line":133,"column":3}},"loc":{"start":{"line":133,"column":31},"end":{"line":141,"column":3}},"line":133}},"branchMap":{"0":{"loc":{"start":{"line":29,"column":4},"end":{"line":31,"column":5}},"type":"if","locations":[{"start":{"line":29,"column":4},"end":{"line":31,"column":5}},{"start":{},"end":{}}],"line":29},"1":{"loc":{"start":{"line":29,"column":8},"end":{"line":29,"column":77}},"type":"binary-expr","locations":[{"start":{"line":29,"column":8},"end":{"line":29,"column":14}},{"start":{"line":29,"column":18},"end":{"line":29,"column":50}},{"start":{"line":29,"column":54},"end":{"line":29,"column":77}}],"line":29},"2":{"loc":{"start":{"line":41,"column":4},"end":{"line":43,"column":5}},"type":"if","locations":[{"start":{"line":41,"column":4},"end":{"line":43,"column":5}},{"start":{},"end":{}}],"line":41},"3":{"loc":{"start":{"line":41,"column":8},"end":{"line":41,"column":81}},"type":"binary-expr","locations":[{"start":{"line":41,"column":8},"end":{"line":41,"column":14}},{"start":{"line":41,"column":18},"end":{"line":41,"column":52}},{"start":{"line":41,"column":56},"end":{"line":41,"column":81}}],"line":41},"4":{"loc":{"start":{"line":55,"column":4},"end":{"line":57,"column":5}},"type":"if","locations":[{"start":{"line":55,"column":4},"end":{"line":57,"column":5}},{"start":{},"end":{}}],"line":55},"5":{"loc":{"start":{"line":58,"column":4},"end":{"line":60,"column":5}},"type":"if","locations":[{"start":{"line":58,"column":4},"end":{"line":60,"column":5}},{"start":{},"end":{}}],"line":58},"6":{"loc":{"start":{"line":87,"column":4},"end":{"line":89,"column":5}},"type":"if","locations":[{"start":{"line":87,"column":4},"end":{"line":89,"column":5}},{"start":{},"end":{}}],"line":87},"7":{"loc":{"start":{"line":87,"column":8},"end":{"line":87,"column":46}},"type":"binary-expr","locations":[{"start":{"line":87,"column":8},"end":{"line":87,"column":23}},{"start":{"line":87,"column":27},"end":{"line":87,"column":46}}],"line":87},"8":{"loc":{"start":{"line":90,"column":4},"end":{"line":94,"column":5}},"type":"if","locations":[{"start":{"line":90,"column":4},"end":{"line":94,"column":5}},{"start":{},"end":{}}],"line":90},"9":{"loc":{"start":{"line":97,"column":4},"end":{"line":99,"column":5}},"type":"if","locations":[{"start":{"line":97,"column":4},"end":{"line":99,"column":5}},{"start":{},"end":{}}],"line":97},"10":{"loc":{"start":{"line":100,"column":4},"end":{"line":102,"column":5}},"type":"if","locations":[{"start":{"line":100,"column":4},"end":{"line":102,"column":5}},{"start":{},"end":{}}],"line":100},"11":{"loc":{"start":{"line":103,"column":4},"end":{"line":107,"column":5}},"type":"if","locations":[{"start":{"line":103,"column":4},"end":{"line":107,"column":5}},{"start":{},"end":{}}],"line":103},"12":{"loc":{"start":{"line":135,"column":4},"end":{"line":137,"column":5}},"type":"if","locations":[{"start":{"line":135,"column":4},"end":{"line":137,"column":5}},{"start":{},"end":{}}],"line":135}},"s":{"0":18,"1":18,"2":18,"3":18,"4":4,"5":2,"6":2,"7":2,"8":2,"9":1,"10":1,"11":1,"12":4,"13":4,"14":1,"15":3,"16":1,"17":2,"18":2,"19":2,"20":2,"21":2,"22":2,"23":6,"24":1,"25":5,"26":1,"27":4,"28":4,"29":0,"30":4,"31":1,"32":3,"33":1,"34":2,"35":2,"36":2,"37":2,"38":2,"39":2,"40":3,"41":3,"42":1,"43":2,"44":2,"45":1},"f":{"0":18,"1":4,"2":2,"3":4,"4":6,"5":3},"b":{"0":[2,2],"1":[4,3,3],"2":[1,1],"3":[2,2,2],"4":[1,3],"5":[1,2],"6":[1,5],"7":[6,5],"8":[1,4],"9":[0,4],"10":[1,3],"11":[1,2],"12":[1,2]},"_coverageSchema":"1a1c01bbd47fc00a2c39e90264f33305004495a9","hash":"3e3720b5721d53d988f24fdf0d765d3c65eec1a7"}
,"D:\\PROYECTOS\\CalidadSoftware\\benefits-system\\src\\ReportService.js": {"path":"D:\\PROYECTOS\\CalidadSoftware\\benefits-system\\src\\ReportService.js","statementMap":{"0":{"start":{"line":8,"column":4},"end":{"line":8,"column":53}},"1":{"start":{"line":9,"column":4},"end":{"line":9,"column":49}},"2":{"start":{"line":17,"column":27},"end":{"line":17,"column":62}},"3":{"start":{"line":19,"column":4},"end":{"line":21,"column":5}},"4":{"start":{"line":20,"column":6},"end":{"line":20,"column":76}},"5":{"start":{"line":23,"column":19},"end":{"line":23,"column":57}},"6":{"start":{"line":23,"column":48},"end":{"line":23,"column":56}},"7":{"start":{"line":24,"column":21},"end":{"line":24,"column":60}},"8":{"start":{"line":24,"column":50},"end":{"line":24,"column":59}},"9":{"start":{"line":26,"column":4},"end":{"line":31,"column":6}},"10":{"start":{"line":39,"column":25},"end":{"line":39,"column":58}},"11":{"start":{"line":41,"column":4},"end":{"line":43,"column":5}},"12":{"start":{"line":42,"column":6},"end":{"line":42,"column":73}},"13":{"start":{"line":45,"column":26},"end":{"line":45,"column":79}},"14":{"start":{"line":45,"column":53},"end":{"line":45,"column":78}},"15":{"start":{"line":46,"column":24},"end":{"line":46,"column":75}},"16":{"start":{"line":46,"column":51},"end":{"line":46,"column":74}},"17":{"start":{"line":48,"column":29},"end":{"line":48,"column":80}},"18":{"start":{"line":48,"column":62},"end":{"line":48,"column":76}},"19":{"start":{"line":49,"column":26},"end":{"line":49,"column":85}},"20":{"start":{"line":49,"column":57},"end":{"line":49,"column":81}},"21":{"start":{"line":51,"column":4},"end":{"line":57,"column":6}},"22":{"start":{"line":61,"column":0},"end":{"line":61,"column":31}}},"fnMap":{"0":{"name":"(anonymous_0)","decl":{"start":{"line":7,"column":2},"end":{"line":7,"column":3}},"loc":{"start":{"line":7,"column":56},"end":{"line":10,"column":3}},"line":7},"1":{"name":"(anonymous_1)","decl":{"start":{"line":16,"column":2},"end":{"line":16,"column":3}},"loc":{"start":{"line":16,"column":24},"end":{"line":32,"column":3}},"line":16},"2":{"name":"(anonymous_2)","decl":{"start":{"line":23,"column":41},"end":{"line":23,"column":42}},"loc":{"start":{"line":23,"column":48},"end":{"line":23,"column":56}},"line":23},"3":{"name":"(anonymous_3)","decl":{"start":{"line":24,"column":43},"end":{"line":24,"column":44}},"loc":{"start":{"line":24,"column":50},"end":{"line":24,"column":59}},"line":24},"4":{"name":"(anonymous_4)","decl":{"start":{"line":38,"column":2},"end":{"line":38,"column":3}},"loc":{"start":{"line":38,"column":20},"end":{"line":58,"column":3}},"line":38},"5":{"name":"(anonymous_5)","decl":{"start":{"line":45,"column":46},"end":{"line":45,"column":47}},"loc":{"start":{"line":45,"column":53},"end":{"line":45,"column":78}},"line":45},"6":{"name":"(anonymous_6)","decl":{"start":{"line":46,"column":44},"end":{"line":46,"column":45}},"loc":{"start":{"line":46,"column":51},"end":{"line":46,"column":74}},"line":46},"7":{"name":"(anonymous_7)","decl":{"start":{"line":48,"column":50},"end":{"line":48,"column":51}},"loc":{"start":{"line":48,"column":62},"end":{"line":48,"column":76}},"line":48},"8":{"name":"(anonymous_8)","decl":{"start":{"line":49,"column":45},"end":{"line":49,"column":46}},"loc":{"start":{"line":49,"column":57},"end":{"line":49,"column":81}},"line":49}},"branchMap":{"0":{"loc":{"start":{"line":19,"column":4},"end":{"line":21,"column":5}},"type":"if","locations":[{"start":{"line":19,"column":4},"end":{"line":21,"column":5}},{"start":{},"end":{}}],"line":19},"1":{"loc":{"start":{"line":19,"column":8},"end":{"line":19,"column":54}},"type":"binary-expr","locations":[{"start":{"line":19,"column":8},"end":{"line":19,"column":23}},{"start":{"line":19,"column":27},"end":{"line":19,"column":54}}],"line":19},"2":{"loc":{"start":{"line":41,"column":4},"end":{"line":43,"column":5}},"type":"if","locations":[{"start":{"line":41,"column":4},"end":{"line":43,"column":5}},{"start":{},"end":{}}],"line":41},"3":{"loc":{"start":{"line":41,"column":8},"end":{"line":41,"column":50}},"type":"binary-expr","locations":[{"start":{"line":41,"column":8},"end":{"line":41,"column":21}},{"start":{"line":41,"column":25},"end":{"line":41,"column":50}}],"line":41}},"s":{"0":8,"1":8,"2":4,"3":4,"4":2,"5":2,"6":5,"7":2,"8":5,"9":2,"10":4,"11":4,"12":2,"13":2,"14":5,"15":2,"16":5,"17":2,"18":4,"19":2,"20":1,"21":2,"22":1},"f":{"0":8,"1":4,"2":5,"3":5,"4":4,"5":5,"6":5,"7":4,"8":1},"b":{"0":[2,2],"1":[4,3],"2":[2,2],"3":[4,3]},"_coverageSchema":"1a1c01bbd47fc00a2c39e90264f33305004495a9","hash":"00aef4659c2e907beefdd63e7029c6e4df9f9963"}
,"D:\\PROYECTOS\\CalidadSoftware\\benefits-system\\src\\index.js": {"path":"D:\\PROYECTOS\\CalidadSoftware\\benefits-system\\src\\index.js","statementMap":{"0":{"start":{"line":8,"column":17},"end":{"line":8,"column":36}},"1":{"start":{"line":9,"column":26},"end":{"line":9,"column":60}},"2":{"start":{"line":10,"column":22},"end":{"line":10,"column":52}},"3":{"start":{"line":11,"column":22},"end":{"line":11,"column":52}},"4":{"start":{"line":12,"column":53},"end":{"line":12,"column":82}},"5":{"start":{"line":15,"column":23},"end":{"line":15,"column":49}},"6":{"start":{"line":16,"column":21},"end":{"line":16,"column":45}},"7":{"start":{"line":18,"column":26},"end":{"line":18,"column":63}},"8":{"start":{"line":19,"column":22},"end":{"line":19,"column":69}},"9":{"start":{"line":20,"column":22},"end":{"line":20,"column":69}},"10":{"start":{"line":23,"column":16},"end":{"line":23,"column":56}},"11":{"start":{"line":23,"column":22},"end":{"line":23,"column":56}},"12":{"start":{"line":24,"column":16},"end":{"line":24,"column":51}},"13":{"start":{"line":24,"column":25},"end":{"line":24,"column":51}},"14":{"start":{"line":25,"column":14},"end":{"line":25,"column":49}},"15":{"start":{"line":25,"column":23},"end":{"line":25,"column":49}},"16":{"start":{"line":26,"column":13},"end":{"line":26,"column":67}},"17":{"start":{"line":26,"column":31},"end":{"line":26,"column":67}},"18":{"start":{"line":28,"column":14},"end":{"line":29,"column":94}},"19":{"start":{"line":29,"column":2},"end":{"line":29,"column":94}},"20":{"start":{"line":34,"column":2},"end":{"line":34,"column":12}},"21":{"start":{"line":35,"column":2},"end":{"line":35,"column":56}},"22":{"start":{"line":36,"column":2},"end":{"line":36,"column":12}},"23":{"start":{"line":38,"column":21},"end":{"line":52,"column":4}},"24":{"start":{"line":54,"column":2},"end":{"line":62,"column":3}},"25":{"start":{"line":55,"column":23},"end":{"line":55,"column":47}},"26":{"start":{"line":56,"column":23},"end":{"line":56,"column":43}},"27":{"start":{"line":57,"column":23},"end":{"line":57,"column":45}},"28":{"start":{"line":58,"column":23},"end":{"line":58,"column":43}},"29":{"start":{"line":60,"column":6},"end":{"line":60,"column":43}},"30":{"start":{"line":61,"column":6},"end":{"line":61,"column":22}},"31":{"start":{"line":68,"column":2},"end":{"line":68,"column":12}},"32":{"start":{"line":69,"column":21},"end":{"line":83,"column":4}},"33":{"start":{"line":85,"column":2},"end":{"line":91,"column":3}},"34":{"start":{"line":86,"column":23},"end":{"line":86,"column":50}},"35":{"start":{"line":86,"column":51},"end":{"line":86,"column":57}},"36":{"start":{"line":87,"column":23},"end":{"line":87,"column":48}},"37":{"start":{"line":87,"column":49},"end":{"line":87,"column":55}},"38":{"start":{"line":88,"column":23},"end":{"line":88,"column":51}},"39":{"start":{"line":88,"column":52},"end":{"line":88,"column":58}},"40":{"start":{"line":89,"column":23},"end":{"line":89,"column":50}},"41":{"start":{"line":89,"column":51},"end":{"line":89,"column":57}},"42":{"start":{"line":90,"column":23},"end":{"line":90,"column":46}},"43":{"start":{"line":93,"column":2},"end":{"line":93,"column":26}},"44":{"start":{"line":97,"column":2},"end":{"line":97,"column":12}},"45":{"start":{"line":98,"column":2},"end":{"line":98,"column":48}},"46":{"start":{"line":100,"column":16},"end":{"line":110,"column":4}},"47":{"start":{"line":101,"column":84},"end":{"line":101,"column":131}},"48":{"start":{"line":102,"column":84},"end":{"line":102,"column":135}},"49":{"start":{"line":103,"column":85},"end":{"line":103,"column":130}},"50":{"start":{"line":112,"column":2},"end":{"line":121,"column":3}},"51":{"start":{"line":113,"column":19},"end":{"line":113,"column":62}},"52":{"start":{"line":114,"column":4},"end":{"line":114,"column":49}},"53":{"start":{"line":115,"column":4},"end":{"line":115,"column":30}},"54":{"start":{"line":116,"column":4},"end":{"line":116,"column":32}},"55":{"start":{"line":117,"column":4},"end":{"line":117,"column":32}},"56":{"start":{"line":118,"column":4},"end":{"line":118,"column":32}},"57":{"start":{"line":120,"column":4},"end":{"line":120,"column":21}},"58":{"start":{"line":123,"column":2},"end":{"line":123,"column":16}},"59":{"start":{"line":127,"column":2},"end":{"line":127,"column":12}},"60":{"start":{"line":128,"column":17},"end":{"line":130,"column":4}},"61":{"start":{"line":129,"column":92},"end":{"line":129,"column":126}},"62":{"start":{"line":132,"column":2},"end":{"line":137,"column":3}},"63":{"start":{"line":133,"column":4},"end":{"line":133,"column":52}},"64":{"start":{"line":134,"column":4},"end":{"line":134,"column":56}},"65":{"start":{"line":136,"column":4},"end":{"line":136,"column":21}},"66":{"start":{"line":139,"column":2},"end":{"line":139,"column":16}},"67":{"start":{"line":143,"column":2},"end":{"line":143,"column":12}},"68":{"start":{"line":144,"column":17},"end":{"line":146,"column":4}},"69":{"start":{"line":145,"column":95},"end":{"line":145,"column":129}},"70":{"start":{"line":148,"column":2},"end":{"line":153,"column":3}},"71":{"start":{"line":149,"column":4},"end":{"line":149,"column":54}},"72":{"start":{"line":150,"column":4},"end":{"line":150,"column":59}},"73":{"start":{"line":152,"column":4},"end":{"line":152,"column":21}},"74":{"start":{"line":155,"column":2},"end":{"line":155,"column":16}},"75":{"start":{"line":159,"column":2},"end":{"line":159,"column":12}},"76":{"start":{"line":160,"column":17},"end":{"line":162,"column":4}},"77":{"start":{"line":161,"column":82},"end":{"line":161,"column":116}},"78":{"start":{"line":164,"column":2},"end":{"line":174,"column":3}},"79":{"start":{"line":165,"column":19},"end":{"line":165,"column":67}},"80":{"start":{"line":166,"column":4},"end":{"line":166,"column":35}},"81":{"start":{"line":167,"column":4},"end":{"line":167,"column":30}},"82":{"start":{"line":168,"column":4},"end":{"line":168,"column":32}},"83":{"start":{"line":169,"column":4},"end":{"line":169,"column":32}},"84":{"start":{"line":170,"column":4},"end":{"line":170,"column":64}},"85":{"start":{"line":171,"column":4},"end":{"line":171,"column":34}},"86":{"start":{"line":173,"column":4},"end":{"line":173,"column":21}},"87":{"start":{"line":176,"column":2},"end":{"line":176,"column":16}},"88":{"start":{"line":182,"column":2},"end":{"line":182,"column":12}},"89":{"start":{"line":183,"column":21},"end":{"line":196,"column":4}},"90":{"start":{"line":198,"column":2},"end":{"line":203,"column":3}},"91":{"start":{"line":199,"column":22},"end":{"line":199,"column":45}},"92":{"start":{"line":199,"column":46},"end":{"line":199,"column":52}},"93":{"start":{"line":200,"column":22},"end":{"line":200,"column":44}},"94":{"start":{"line":200,"column":45},"end":{"line":200,"column":51}},"95":{"start":{"line":201,"column":22},"end":{"line":201,"column":43}},"96":{"start":{"line":201,"column":44},"end":{"line":201,"column":50}},"97":{"start":{"line":202,"column":22},"end":{"line":202,"column":45}},"98":{"start":{"line":205,"column":2},"end":{"line":205,"column":22}},"99":{"start":{"line":209,"column":2},"end":{"line":209,"column":12}},"100":{"start":{"line":210,"column":17},"end":{"line":212,"column":4}},"101":{"start":{"line":211,"column":82},"end":{"line":211,"column":116}},"102":{"start":{"line":214,"column":2},"end":{"line":221,"column":3}},"103":{"start":{"line":215,"column":19},"end":{"line":215,"column":60}},"104":{"start":{"line":216,"column":4},"end":{"line":216,"column":33}},"105":{"start":{"line":217,"column":4},"end":{"line":217,"column":54}},"106":{"start":{"line":218,"column":4},"end":{"line":218,"column":48}},"107":{"start":{"line":220,"column":4},"end":{"line":220,"column":21}},"108":{"start":{"line":223,"column":2},"end":{"line":223,"column":16}},"109":{"start":{"line":227,"column":2},"end":{"line":227,"column":12}},"110":{"start":{"line":228,"column":25},"end":{"line":231,"column":4}},"111":{"start":{"line":229,"column":86},"end":{"line":229,"column":120}},"112":{"start":{"line":230,"column":87},"end":{"line":230,"column":116}},"113":{"start":{"line":233,"column":2},"end":{"line":241,"column":3}},"114":{"start":{"line":234,"column":19},"end":{"line":234,"column":64}},"115":{"start":{"line":235,"column":4},"end":{"line":235,"column":45}},"116":{"start":{"line":236,"column":4},"end":{"line":236,"column":53}},"117":{"start":{"line":237,"column":4},"end":{"line":237,"column":69}},"118":{"start":{"line":238,"column":4},"end":{"line":238,"column":54}},"119":{"start":{"line":240,"column":4},"end":{"line":240,"column":21}},"120":{"start":{"line":243,"column":2},"end":{"line":243,"column":16}},"121":{"start":{"line":247,"column":2},"end":{"line":247,"column":12}},"122":{"start":{"line":248,"column":17},"end":{"line":250,"column":4}},"123":{"start":{"line":249,"column":82},"end":{"line":249,"column":116}},"124":{"start":{"line":252,"column":2},"end":{"line":268,"column":3}},"125":{"start":{"line":253,"column":22},"end":{"line":253,"column":65}},"126":{"start":{"line":255,"column":4},"end":{"line":265,"column":5}},"127":{"start":{"line":256,"column":6},"end":{"line":256,"column":55}},"128":{"start":{"line":258,"column":6},"end":{"line":258,"column":87}},"129":{"start":{"line":259,"column":6},"end":{"line":264,"column":9}},"130":{"start":{"line":260,"column":22},"end":{"line":260,"column":87}},"131":{"start":{"line":261,"column":22},"end":{"line":261,"column":86}},"132":{"start":{"line":262,"column":22},"end":{"line":262,"column":64}},"133":{"start":{"line":263,"column":8},"end":{"line":263,"column":68}},"134":{"start":{"line":267,"column":4},"end":{"line":267,"column":21}},"135":{"start":{"line":270,"column":2},"end":{"line":270,"column":16}},"136":{"start":{"line":276,"column":2},"end":{"line":276,"column":12}},"137":{"start":{"line":277,"column":21},"end":{"line":289,"column":4}},"138":{"start":{"line":291,"column":2},"end":{"line":295,"column":3}},"139":{"start":{"line":292,"column":23},"end":{"line":292,"column":49}},"140":{"start":{"line":292,"column":50},"end":{"line":292,"column":56}},"141":{"start":{"line":293,"column":23},"end":{"line":293,"column":45}},"142":{"start":{"line":293,"column":46},"end":{"line":293,"column":52}},"143":{"start":{"line":294,"column":23},"end":{"line":294,"column":46}},"144":{"start":{"line":297,"column":2},"end":{"line":297,"column":24}},"145":{"start":{"line":301,"column":2},"end":{"line":301,"column":12}},"146":{"start":{"line":302,"column":2},"end":{"line":302,"column":45}},"147":{"start":{"line":304,"column":17},"end":{"line":304,"column":52}},"148":{"start":{"line":306,"column":2},"end":{"line":306,"column":46}},"149":{"start":{"line":307,"column":2},"end":{"line":307,"column":48}},"150":{"start":{"line":309,"column":2},"end":{"line":312,"column":3}},"151":{"start":{"line":310,"column":4},"end":{"line":310,"column":37}},"152":{"start":{"line":311,"column":4},"end":{"line":311,"column":89}},"153":{"start":{"line":311,"column":33},"end":{"line":311,"column":87}},"154":{"start":{"line":313,"column":2},"end":{"line":316,"column":3}},"155":{"start":{"line":314,"column":4},"end":{"line":314,"column":39}},"156":{"start":{"line":315,"column":4},"end":{"line":315,"column":91}},"157":{"start":{"line":315,"column":35},"end":{"line":315,"column":89}},"158":{"start":{"line":317,"column":2},"end":{"line":319,"column":3}},"159":{"start":{"line":318,"column":4},"end":{"line":318,"column":50}},"160":{"start":{"line":321,"column":2},"end":{"line":321,"column":16}},"161":{"start":{"line":325,"column":2},"end":{"line":325,"column":12}},"162":{"start":{"line":326,"column":2},"end":{"line":326,"column":40}},"163":{"start":{"line":328,"column":17},"end":{"line":328,"column":48}},"164":{"start":{"line":330,"column":2},"end":{"line":330,"column":65}},"165":{"start":{"line":331,"column":2},"end":{"line":331,"column":62}},"166":{"start":{"line":332,"column":2},"end":{"line":332,"column":53}},"167":{"start":{"line":333,"column":2},"end":{"line":333,"column":62}},"168":{"start":{"line":334,"column":2},"end":{"line":334,"column":60}},"169":{"start":{"line":336,"column":2},"end":{"line":336,"column":16}},"170":{"start":{"line":342,"column":2},"end":{"line":342,"column":12}},"171":{"start":{"line":343,"column":21},"end":{"line":355,"column":4}},"172":{"start":{"line":357,"column":2},"end":{"line":361,"column":3}},"173":{"start":{"line":358,"column":24},"end":{"line":358,"column":54}},"174":{"start":{"line":358,"column":55},"end":{"line":358,"column":61}},"175":{"start":{"line":359,"column":24},"end":{"line":359,"column":52}},"176":{"start":{"line":359,"column":53},"end":{"line":359,"column":59}},"177":{"start":{"line":360,"column":24},"end":{"line":360,"column":47}},"178":{"start":{"line":363,"column":2},"end":{"line":363,"column":22}},"179":{"start":{"line":367,"column":2},"end":{"line":367,"column":12}},"180":{"start":{"line":368,"column":2},"end":{"line":368,"column":56}},"181":{"start":{"line":370,"column":44},"end":{"line":373,"column":4}},"182":{"start":{"line":371,"column":101},"end":{"line":371,"column":130}},"183":{"start":{"line":372,"column":101},"end":{"line":372,"column":130}},"184":{"start":{"line":375,"column":2},"end":{"line":382,"column":3}},"185":{"start":{"line":376,"column":19},"end":{"line":376,"column":88}},"186":{"start":{"line":377,"column":4},"end":{"line":377,"column":50}},"187":{"start":{"line":378,"column":4},"end":{"line":378,"column":54}},"188":{"start":{"line":379,"column":4},"end":{"line":379,"column":58}},"189":{"start":{"line":381,"column":4},"end":{"line":381,"column":21}},"190":{"start":{"line":384,"column":2},"end":{"line":384,"column":16}},"191":{"start":{"line":388,"column":2},"end":{"line":388,"column":12}},"192":{"start":{"line":389,"column":2},"end":{"line":389,"column":54}},"193":{"start":{"line":391,"column":43},"end":{"line":394,"column":4}},"194":{"start":{"line":392,"column":108},"end":{"line":392,"column":137}},"195":{"start":{"line":393,"column":108},"end":{"line":393,"column":137}},"196":{"start":{"line":396,"column":2},"end":{"line":403,"column":3}},"197":{"start":{"line":397,"column":19},"end":{"line":397,"column":85}},"198":{"start":{"line":398,"column":4},"end":{"line":398,"column":48}},"199":{"start":{"line":399,"column":4},"end":{"line":399,"column":53}},"200":{"start":{"line":400,"column":4},"end":{"line":400,"column":70}},"201":{"start":{"line":402,"column":4},"end":{"line":402,"column":21}},"202":{"start":{"line":405,"column":2},"end":{"line":405,"column":16}},"203":{"start":{"line":409,"column":0},"end":{"line":409,"column":16}}},"fnMap":{"0":{"name":"(anonymous_0)","decl":{"start":{"line":23,"column":16},"end":{"line":23,"column":17}},"loc":{"start":{"line":23,"column":22},"end":{"line":23,"column":56}},"line":23},"1":{"name":"(anonymous_1)","decl":{"start":{"line":24,"column":16},"end":{"line":24,"column":17}},"loc":{"start":{"line":24,"column":25},"end":{"line":24,"column":51}},"line":24},"2":{"name":"(anonymous_2)","decl":{"start":{"line":25,"column":14},"end":{"line":25,"column":15}},"loc":{"start":{"line":25,"column":23},"end":{"line":25,"column":49}},"line":25},"3":{"name":"(anonymous_3)","decl":{"start":{"line":26,"column":13},"end":{"line":26,"column":14}},"loc":{"start":{"line":26,"column":31},"end":{"line":26,"column":67}},"line":26},"4":{"name":"(anonymous_4)","decl":{"start":{"line":28,"column":14},"end":{"line":28,"column":15}},"loc":{"start":{"line":29,"column":2},"end":{"line":29,"column":94}},"line":29},"5":{"name":"menuPrincipal","decl":{"start":{"line":33,"column":15},"end":{"line":33,"column":28}},"loc":{"start":{"line":33,"column":31},"end":{"line":63,"column":1}},"line":33},"6":{"name":"menuMembresias","decl":{"start":{"line":67,"column":15},"end":{"line":67,"column":29}},"loc":{"start":{"line":67,"column":32},"end":{"line":94,"column":1}},"line":67},"7":{"name":"registrarMembresia","decl":{"start":{"line":96,"column":15},"end":{"line":96,"column":33}},"loc":{"start":{"line":96,"column":36},"end":{"line":124,"column":1}},"line":96},"8":{"name":"(anonymous_8)","decl":{"start":{"line":101,"column":77},"end":{"line":101,"column":78}},"loc":{"start":{"line":101,"column":84},"end":{"line":101,"column":131}},"line":101},"9":{"name":"(anonymous_9)","decl":{"start":{"line":102,"column":77},"end":{"line":102,"column":78}},"loc":{"start":{"line":102,"column":84},"end":{"line":102,"column":135}},"line":102},"10":{"name":"(anonymous_10)","decl":{"start":{"line":103,"column":78},"end":{"line":103,"column":79}},"loc":{"start":{"line":103,"column":85},"end":{"line":103,"column":130}},"line":103},"11":{"name":"activarMembresia","decl":{"start":{"line":126,"column":15},"end":{"line":126,"column":31}},"loc":{"start":{"line":126,"column":34},"end":{"line":140,"column":1}},"line":126},"12":{"name":"(anonymous_12)","decl":{"start":{"line":129,"column":85},"end":{"line":129,"column":86}},"loc":{"start":{"line":129,"column":92},"end":{"line":129,"column":126}},"line":129},"13":{"name":"desactivarMembresia","decl":{"start":{"line":142,"column":15},"end":{"line":142,"column":34}},"loc":{"start":{"line":142,"column":37},"end":{"line":156,"column":1}},"line":142},"14":{"name":"(anonymous_14)","decl":{"start":{"line":145,"column":88},"end":{"line":145,"column":89}},"loc":{"start":{"line":145,"column":95},"end":{"line":145,"column":129}},"line":145},"15":{"name":"consultarMembresia","decl":{"start":{"line":158,"column":15},"end":{"line":158,"column":33}},"loc":{"start":{"line":158,"column":36},"end":{"line":177,"column":1}},"line":158},"16":{"name":"(anonymous_16)","decl":{"start":{"line":161,"column":75},"end":{"line":161,"column":76}},"loc":{"start":{"line":161,"column":82},"end":{"line":161,"column":116}},"line":161},"17":{"name":"menuPuntos","decl":{"start":{"line":181,"column":15},"end":{"line":181,"column":25}},"loc":{"start":{"line":181,"column":28},"end":{"line":206,"column":1}},"line":181},"18":{"name":"acumularPuntos","decl":{"start":{"line":208,"column":15},"end":{"line":208,"column":29}},"loc":{"start":{"line":208,"column":32},"end":{"line":224,"column":1}},"line":208},"19":{"name":"(anonymous_19)","decl":{"start":{"line":211,"column":75},"end":{"line":211,"column":76}},"loc":{"start":{"line":211,"column":82},"end":{"line":211,"column":116}},"line":211},"20":{"name":"redimirPuntos","decl":{"start":{"line":226,"column":15},"end":{"line":226,"column":28}},"loc":{"start":{"line":226,"column":31},"end":{"line":244,"column":1}},"line":226},"21":{"name":"(anonymous_21)","decl":{"start":{"line":229,"column":79},"end":{"line":229,"column":80}},"loc":{"start":{"line":229,"column":86},"end":{"line":229,"column":120}},"line":229},"22":{"name":"(anonymous_22)","decl":{"start":{"line":230,"column":80},"end":{"line":230,"column":81}},"loc":{"start":{"line":230,"column":87},"end":{"line":230,"column":116}},"line":230},"23":{"name":"verHistorial","decl":{"start":{"line":246,"column":15},"end":{"line":246,"column":27}},"loc":{"start":{"line":246,"column":30},"end":{"line":271,"column":1}},"line":246},"24":{"name":"(anonymous_24)","decl":{"start":{"line":249,"column":75},"end":{"line":249,"column":76}},"loc":{"start":{"line":249,"column":82},"end":{"line":249,"column":116}},"line":249},"25":{"name":"(anonymous_25)","decl":{"start":{"line":259,"column":24},"end":{"line":259,"column":25}},"loc":{"start":{"line":259,"column":36},"end":{"line":264,"column":7}},"line":259},"26":{"name":"menuReportes","decl":{"start":{"line":275,"column":15},"end":{"line":275,"column":27}},"loc":{"start":{"line":275,"column":30},"end":{"line":298,"column":1}},"line":275},"27":{"name":"reporteMembresias","decl":{"start":{"line":300,"column":15},"end":{"line":300,"column":32}},"loc":{"start":{"line":300,"column":35},"end":{"line":322,"column":1}},"line":300},"28":{"name":"(anonymous_28)","decl":{"start":{"line":311,"column":26},"end":{"line":311,"column":27}},"loc":{"start":{"line":311,"column":33},"end":{"line":311,"column":87}},"line":311},"29":{"name":"(anonymous_29)","decl":{"start":{"line":315,"column":28},"end":{"line":315,"column":29}},"loc":{"start":{"line":315,"column":35},"end":{"line":315,"column":89}},"line":315},"30":{"name":"reportePuntos","decl":{"start":{"line":324,"column":15},"end":{"line":324,"column":28}},"loc":{"start":{"line":324,"column":31},"end":{"line":337,"column":1}},"line":324},"31":{"name":"menuReglas","decl":{"start":{"line":341,"column":15},"end":{"line":341,"column":25}},"loc":{"start":{"line":341,"column":28},"end":{"line":364,"column":1}},"line":341},"32":{"name":"configurarAcumulacion","decl":{"start":{"line":366,"column":15},"end":{"line":366,"column":36}},"loc":{"start":{"line":366,"column":39},"end":{"line":385,"column":1}},"line":366},"33":{"name":"(anonymous_33)","decl":{"start":{"line":371,"column":94},"end":{"line":371,"column":95}},"loc":{"start":{"line":371,"column":101},"end":{"line":371,"column":130}},"line":371},"34":{"name":"(anonymous_34)","decl":{"start":{"line":372,"column":94},"end":{"line":372,"column":95}},"loc":{"start":{"line":372,"column":101},"end":{"line":372,"column":130}},"line":372},"35":{"name":"configurarRedencion","decl":{"start":{"line":387,"column":15},"end":{"line":387,"column":34}},"loc":{"start":{"line":387,"column":37},"end":{"line":406,"column":1}},"line":387},"36":{"name":"(anonymous_36)","decl":{"start":{"line":392,"column":101},"end":{"line":392,"column":102}},"loc":{"start":{"line":392,"column":108},"end":{"line":392,"column":137}},"line":392},"37":{"name":"(anonymous_37)","decl":{"start":{"line":393,"column":101},"end":{"line":393,"column":102}},"loc":{"start":{"line":393,"column":108},"end":{"line":393,"column":137}},"line":393}},"branchMap":{"0":{"loc":{"start":{"line":54,"column":2},"end":{"line":62,"column":3}},"type":"switch","locations":[{"start":{"line":55,"column":4},"end":{"line":55,"column":47}},{"start":{"line":56,"column":4},"end":{"line":56,"column":43}},{"start":{"line":57,"column":4},"end":{"line":57,"column":45}},{"start":{"line":58,"column":4},"end":{"line":58,"column":43}},{"start":{"line":59,"column":4},"end":{"line":61,"column":22}}],"line":54},"1":{"loc":{"start":{"line":85,"column":2},"end":{"line":91,"column":3}},"type":"switch","locations":[{"start":{"line":86,"column":4},"end":{"line":86,"column":57}},{"start":{"line":87,"column":4},"end":{"line":87,"column":55}},{"start":{"line":88,"column":4},"end":{"line":88,"column":58}},{"start":{"line":89,"column":4},"end":{"line":89,"column":57}},{"start":{"line":90,"column":4},"end":{"line":90,"column":46}}],"line":85},"2":{"loc":{"start":{"line":101,"column":84},"end":{"line":101,"column":131}},"type":"binary-expr","locations":[{"start":{"line":101,"column":84},"end":{"line":101,"column":99}},{"start":{"line":101,"column":103},"end":{"line":101,"column":131}}],"line":101},"3":{"loc":{"start":{"line":102,"column":84},"end":{"line":102,"column":135}},"type":"binary-expr","locations":[{"start":{"line":102,"column":84},"end":{"line":102,"column":99}},{"start":{"line":102,"column":103},"end":{"line":102,"column":135}}],"line":102},"4":{"loc":{"start":{"line":103,"column":85},"end":{"line":103,"column":130}},"type":"binary-expr","locations":[{"start":{"line":103,"column":85},"end":{"line":103,"column":100}},{"start":{"line":103,"column":104},"end":{"line":103,"column":130}}],"line":103},"5":{"loc":{"start":{"line":129,"column":92},"end":{"line":129,"column":126}},"type":"binary-expr","locations":[{"start":{"line":129,"column":92},"end":{"line":129,"column":107}},{"start":{"line":129,"column":111},"end":{"line":129,"column":126}}],"line":129},"6":{"loc":{"start":{"line":145,"column":95},"end":{"line":145,"column":129}},"type":"binary-expr","locations":[{"start":{"line":145,"column":95},"end":{"line":145,"column":110}},{"start":{"line":145,"column":114},"end":{"line":145,"column":129}}],"line":145},"7":{"loc":{"start":{"line":161,"column":82},"end":{"line":161,"column":116}},"type":"binary-expr","locations":[{"start":{"line":161,"column":82},"end":{"line":161,"column":97}},{"start":{"line":161,"column":101},"end":{"line":161,"column":116}}],"line":161},"8":{"loc":{"start":{"line":170,"column":19},"end":{"line":170,"column":62}},"type":"cond-expr","locations":[{"start":{"line":170,"column":35},"end":{"line":170,"column":46}},{"start":{"line":170,"column":49},"end":{"line":170,"column":62}}],"line":170},"9":{"loc":{"start":{"line":198,"column":2},"end":{"line":203,"column":3}},"type":"switch","locations":[{"start":{"line":199,"column":4},"end":{"line":199,"column":52}},{"start":{"line":200,"column":4},"end":{"line":200,"column":51}},{"start":{"line":201,"column":4},"end":{"line":201,"column":50}},{"start":{"line":202,"column":4},"end":{"line":202,"column":45}}],"line":198},"10":{"loc":{"start":{"line":211,"column":82},"end":{"line":211,"column":116}},"type":"binary-expr","locations":[{"start":{"line":211,"column":82},"end":{"line":211,"column":97}},{"start":{"line":211,"column":101},"end":{"line":211,"column":116}}],"line":211},"11":{"loc":{"start":{"line":229,"column":86},"end":{"line":229,"column":120}},"type":"binary-expr","locations":[{"start":{"line":229,"column":86},"end":{"line":229,"column":101}},{"start":{"line":229,"column":105},"end":{"line":229,"column":120}}],"line":229},"12":{"loc":{"start":{"line":230,"column":87},"end":{"line":230,"column":116}},"type":"binary-expr","locations":[{"start":{"line":230,"column":87},"end":{"line":230,"column":92}},{"start":{"line":230,"column":96},"end":{"line":230,"column":116}}],"line":230},"13":{"loc":{"start":{"line":249,"column":82},"end":{"line":249,"column":116}},"type":"binary-expr","locations":[{"start":{"line":249,"column":82},"end":{"line":249,"column":97}},{"start":{"line":249,"column":101},"end":{"line":249,"column":116}}],"line":249},"14":{"loc":{"start":{"line":255,"column":4},"end":{"line":265,"column":5}},"type":"if","locations":[{"start":{"line":255,"column":4},"end":{"line":265,"column":5}},{"start":{"line":257,"column":11},"end":{"line":265,"column":5}}],"line":255},"15":{"loc":{"start":{"line":260,"column":22},"end":{"line":260,"column":87}},"type":"cond-expr","locations":[{"start":{"line":260,"column":52},"end":{"line":260,"column":69}},{"start":{"line":260,"column":72},"end":{"line":260,"column":87}}],"line":260},"16":{"loc":{"start":{"line":261,"column":22},"end":{"line":261,"column":86}},"type":"cond-expr","locations":[{"start":{"line":261,"column":52},"end":{"line":261,"column":68}},{"start":{"line":261,"column":71},"end":{"line":261,"column":86}}],"line":261},"17":{"loc":{"start":{"line":291,"column":2},"end":{"line":295,"column":3}},"type":"switch","locations":[{"start":{"line":292,"column":4},"end":{"line":292,"column":56}},{"start":{"line":293,"column":4},"end":{"line":293,"column":52}},{"start":{"line":294,"column":4},"end":{"line":294,"column":46}}],"line":291},"18":{"loc":{"start":{"line":309,"column":2},"end":{"line":312,"column":3}},"type":"if","locations":[{"start":{"line":309,"column":2},"end":{"line":312,"column":3}},{"start":{},"end":{}}],"line":309},"19":{"loc":{"start":{"line":313,"column":2},"end":{"line":316,"column":3}},"type":"if","locations":[{"start":{"line":313,"column":2},"end":{"line":316,"column":3}},{"start":{},"end":{}}],"line":313},"20":{"loc":{"start":{"line":317,"column":2},"end":{"line":319,"column":3}},"type":"if","locations":[{"start":{"line":317,"column":2},"end":{"line":319,"column":3}},{"start":{},"end":{}}],"line":317},"21":{"loc":{"start":{"line":317,"column":6},"end":{"line":317,"column":60}},"type":"binary-expr","locations":[{"start":{"line":317,"column":6},"end":{"line":317,"column":30}},{"start":{"line":317,"column":34},"end":{"line":317,"column":60}}],"line":317},"22":{"loc":{"start":{"line":333,"column":31},"end":{"line":333,"column":60}},"type":"binary-expr","locations":[{"start":{"line":333,"column":31},"end":{"line":333,"column":55}},{"start":{"line":333,"column":59},"end":{"line":333,"column":60}}],"line":333},"23":{"loc":{"start":{"line":334,"column":31},"end":{"line":334,"column":58}},"type":"binary-expr","locations":[{"start":{"line":334,"column":31},"end":{"line":334,"column":53}},{"start":{"line":334,"column":57},"end":{"line":334,"column":58}}],"line":334},"24":{"loc":{"start":{"line":357,"column":2},"end":{"line":361,"column":3}},"type":"switch","locations":[{"start":{"line":358,"column":4},"end":{"line":358,"column":61}},{"start":{"line":359,"column":4},"end":{"line":359,"column":59}},{"start":{"line":360,"column":4},"end":{"line":360,"column":47}}],"line":357},"25":{"loc":{"start":{"line":371,"column":101},"end":{"line":371,"column":130}},"type":"binary-expr","locations":[{"start":{"line":371,"column":101},"end":{"line":371,"column":106}},{"start":{"line":371,"column":110},"end":{"line":371,"column":130}}],"line":371},"26":{"loc":{"start":{"line":372,"column":101},"end":{"line":372,"column":130}},"type":"binary-expr","locations":[{"start":{"line":372,"column":101},"end":{"line":372,"column":106}},{"start":{"line":372,"column":110},"end":{"line":372,"column":130}}],"line":372},"27":{"loc":{"start":{"line":392,"column":108},"end":{"line":392,"column":137}},"type":"binary-expr","locations":[{"start":{"line":392,"column":108},"end":{"line":392,"column":113}},{"start":{"line":392,"column":117},"end":{"line":392,"column":137}}],"line":392},"28":{"loc":{"start":{"line":393,"column":108},"end":{"line":393,"column":137}},"type":"binary-expr","locations":[{"start":{"line":393,"column":108},"end":{"line":393,"column":113}},{"start":{"line":393,"column":117},"end":{"line":393,"column":137}}],"line":393}},"s":{"0":0,"1":0,"2":0,"3":0,"4":0,"5":0,"6":0,"7":0,"8":0,"9":0,"10":0,"11":0,"12":0,"13":0,"14":0,"15":0,"16":0,"17":0,"18":0,"19":0,"20":0,"21":0,"22":0,"23":0,"24":0,"25":0,"26":0,"27":0,"28":0,"29":0,"30":0,"31":0,"32":0,"33":0,"34":0,"35":0,"36":0,"37":0,"38":0,"39":0,"40":0,"41":0,"42":0,"43":0,"44":0,"45":0,"46":0,"47":0,"48":0,"49":0,"50":0,"51":0,"52":0,"53":0,"54":0,"55":0,"56":0,"57":0,"58":0,"59":0,"60":0,"61":0,"62":0,"63":0,"64":0,"65":0,"66":0,"67":0,"68":0,"69":0,"70":0,"71":0,"72":0,"73":0,"74":0,"75":0,"76":0,"77":0,"78":0,"79":0,"80":0,"81":0,"82":0,"83":0,"84":0,"85":0,"86":0,"87":0,"88":0,"89":0,"90":0,"91":0,"92":0,"93":0,"94":0,"95":0,"96":0,"97":0,"98":0,"99":0,"100":0,"101":0,"102":0,"103":0,"104":0,"105":0,"106":0,"107":0,"108":0,"109":0,"110":0,"111":0,"112":0,"113":0,"114":0,"115":0,"116":0,"117":0,"118":0,"119":0,"120":0,"121":0,"122":0,"123":0,"124":0,"125":0,"126":0,"127":0,"128":0,"129":0,"130":0,"131":0,"132":0,"133":0,"134":0,"135":0,"136":0,"137":0,"138":0,"139":0,"140":0,"141":0,"142":0,"143":0,"144":0,"145":0,"146":0,"147":0,"148":0,"149":0,"150":0,"151":0,"152":0,"153":0,"154":0,"155":0,"156":0,"157":0,"158":0,"159":0,"160":0,"161":0,"162":0,"163":0,"164":0,"165":0,"166":0,"167":0,"168":0,"169":0,"170":0,"171":0,"172":0,"173":0,"174":0,"175":0,"176":0,"177":0,"178":0,"179":0,"180":0,"181":0,"182":0,"183":0,"184":0,"185":0,"186":0,"187":0,"188":0,"189":0,"190":0,"191":0,"192":0,"193":0,"194":0,"195":0,"196":0,"197":0,"198":0,"199":0,"200":0,"201":0,"202":0,"203":0},"f":{"0":0,"1":0,"2":0,"3":0,"4":0,"5":0,"6":0,"7":0,"8":0,"9":0,"10":0,"11":0,"12":0,"13":0,"14":0,"15":0,"16":0,"17":0,"18":0,"19":0,"20":0,"21":0,"22":0,"23":0,"24":0,"25":0,"26":0,"27":0,"28":0,"29":0,"30":0,"31":0,"32":0,"33":0,"34":0,"35":0,"36":0,"37":0},"b":{"0":[0,0,0,0,0],"1":[0,0,0,0,0],"2":[0,0],"3":[0,0],"4":[0,0],"5":[0,0],"6":[0,0],"7":[0,0],"8":[0,0],"9":[0,0,0,0],"10":[0,0],"11":[0,0],"12":[0,0],"13":[0,0],"14":[0,0],"15":[0,0],"16":[0,0],"17":[0,0,0],"18":[0,0],"19":[0,0],"20":[0,0],"21":[0,0],"22":[0,0],"23":[0,0],"24":[0,0,0],"25":[0,0],"26":[0,0],"27":[0,0],"28":[0,0]}}
,"D:\\PROYECTOS\\CalidadSoftware\\benefits-system\\src\\repositories.js": {"path":"D:\\PROYECTOS\\CalidadSoftware\\benefits-system\\src\\repositories.js","statementMap":{"0":{"start":{"line":8,"column":4},"end":{"line":8,"column":19}},"1":{"start":{"line":12,"column":4},"end":{"line":12,"column":54}},"2":{"start":{"line":12,"column":33},"end":{"line":12,"column":44}},"3":{"start":{"line":16,"column":4},"end":{"line":16,"column":26}},"4":{"start":{"line":20,"column":4},"end":{"line":20,"column":31}},"5":{"start":{"line":24,"column":18},"end":{"line":24,"column":68}},"6":{"start":{"line":24,"column":45},"end":{"line":24,"column":67}},"7":{"start":{"line":25,"column":4},"end":{"line":25,"column":52}},"8":{"start":{"line":25,"column":22},"end":{"line":25,"column":52}},"9":{"start":{"line":31,"column":4},"end":{"line":31,"column":19}},"10":{"start":{"line":35,"column":4},"end":{"line":35,"column":29}},"11":{"start":{"line":39,"column":4},"end":{"line":39,"column":60}},"12":{"start":{"line":39,"column":35},"end":{"line":39,"column":58}},"13":{"start":{"line":43,"column":4},"end":{"line":43,"column":26}},"14":{"start":{"line":47,"column":0},"end":{"line":47,"column":62}}},"fnMap":{"0":{"name":"(anonymous_0)","decl":{"start":{"line":7,"column":2},"end":{"line":7,"column":3}},"loc":{"start":{"line":7,"column":16},"end":{"line":9,"column":3}},"line":7},"1":{"name":"(anonymous_1)","decl":{"start":{"line":11,"column":2},"end":{"line":11,"column":3}},"loc":{"start":{"line":11,"column":15},"end":{"line":13,"column":3}},"line":11},"2":{"name":"(anonymous_2)","decl":{"start":{"line":12,"column":26},"end":{"line":12,"column":27}},"loc":{"start":{"line":12,"column":33},"end":{"line":12,"column":44}},"line":12},"3":{"name":"(anonymous_3)","decl":{"start":{"line":15,"column":2},"end":{"line":15,"column":3}},"loc":{"start":{"line":15,"column":12},"end":{"line":17,"column":3}},"line":15},"4":{"name":"(anonymous_4)","decl":{"start":{"line":19,"column":2},"end":{"line":19,"column":3}},"loc":{"start":{"line":19,"column":19},"end":{"line":21,"column":3}},"line":19},"5":{"name":"(anonymous_5)","decl":{"start":{"line":23,"column":2},"end":{"line":23,"column":3}},"loc":{"start":{"line":23,"column":21},"end":{"line":26,"column":3}},"line":23},"6":{"name":"(anonymous_6)","decl":{"start":{"line":24,"column":38},"end":{"line":24,"column":39}},"loc":{"start":{"line":24,"column":45},"end":{"line":24,"column":67}},"line":24},"7":{"name":"(anonymous_7)","decl":{"start":{"line":30,"column":2},"end":{"line":30,"column":3}},"loc":{"start":{"line":30,"column":16},"end":{"line":32,"column":3}},"line":30},"8":{"name":"(anonymous_8)","decl":{"start":{"line":34,"column":2},"end":{"line":34,"column":3}},"loc":{"start":{"line":34,"column":17},"end":{"line":36,"column":3}},"line":34},"9":{"name":"(anonymous_9)","decl":{"start":{"line":38,"column":2},"end":{"line":38,"column":3}},"loc":{"start":{"line":38,"column":27},"end":{"line":40,"column":3}},"line":38},"10":{"name":"(anonymous_10)","decl":{"start":{"line":39,"column":28},"end":{"line":39,"column":29}},"loc":{"start":{"line":39,"column":35},"end":{"line":39,"column":58}},"line":39},"11":{"name":"(anonymous_11)","decl":{"start":{"line":42,"column":2},"end":{"line":42,"column":3}},"loc":{"start":{"line":42,"column":12},"end":{"line":44,"column":3}},"line":42}},"branchMap":{"0":{"loc":{"start":{"line":12,"column":11},"end":{"line":12,"column":53}},"type":"binary-expr","locations":[{"start":{"line":12,"column":11},"end":{"line":12,"column":45}},{"start":{"line":12,"column":49},"end":{"line":12,"column":53}}],"line":12},"1":{"loc":{"start":{"line":25,"column":4},"end":{"line":25,"column":52}},"type":"if","locations":[{"start":{"line":25,"column":4},"end":{"line":25,"column":52}},{"start":{},"end":{}}],"line":25}},"s":{"0":0,"1":0,"2":0,"3":0,"4":0,"5":0,"6":0,"7":0,"8":0,"9":0,"10":0,"11":0,"12":0,"13":0,"14":0},"f":{"0":0,"1":0,"2":0,"3":0,"4":0,"5":0,"6":0,"7":0,"8":0,"9":0,"10":0,"11":0},"b":{"0":[0,0],"1":[0,0]}}
}
