TN:
SF:src\MembershipService.js
FN:7,(anonymous_0)
FN:16,(anonymous_1)
FN:45,(anonymous_2)
FN:63,(anonymous_3)
FN:81,(anonymous_4)
FNF:5
FNH:5
FNDA:10,(anonymous_0)
FNDA:3,(anonymous_1)
FNDA:3,(anonymous_2)
FNDA:2,(anonymous_3)
FNDA:2,(anonymous_4)
DA:8,10
DA:17,3
DA:18,1
DA:21,2
DA:22,2
DA:23,1
DA:26,1
DA:36,1
DA:37,1
DA:46,3
DA:47,3
DA:48,1
DA:50,2
DA:51,1
DA:53,1
DA:54,1
DA:55,1
DA:64,2
DA:65,2
DA:66,0
DA:68,2
DA:69,1
DA:71,1
DA:72,1
DA:73,1
DA:82,2
DA:83,2
DA:84,1
DA:86,1
DA:96,1
LF:30
LH:29
BRDA:17,0,0,1
BRDA:17,0,1,2
BRDA:17,1,0,3
BRDA:17,1,1,3
BRDA:17,1,2,3
BRDA:17,1,3,3
BRDA:17,1,4,2
BRDA:22,2,0,1
BRDA:22,2,1,1
BRDA:47,3,0,1
BRDA:47,3,1,2
BRDA:50,4,0,1
BRDA:50,4,1,1
BRDA:65,5,0,0
BRDA:65,5,1,2
BRDA:68,6,0,1
BRDA:68,6,1,1
BRDA:83,7,0,1
BRDA:83,7,1,1
BRF:19
BRH:18
end_of_record
TN:
SF:src\PointsService.js
FN:7,(anonymous_0)
FN:28,(anonymous_1)
FN:40,(anonymous_2)
FN:53,(anonymous_3)
FN:86,(anonymous_4)
FN:133,(anonymous_5)
FNF:6
FNH:6
FNDA:18,(anonymous_0)
FNDA:4,(anonymous_1)
FNDA:2,(anonymous_2)
FNDA:4,(anonymous_3)
FNDA:6,(anonymous_4)
FNDA:3,(anonymous_5)
DA:8,18
DA:9,18
DA:12,18
DA:18,18
DA:29,4
DA:30,2
DA:32,2
DA:33,2
DA:41,2
DA:42,1
DA:44,1
DA:45,1
DA:54,4
DA:55,4
DA:56,1
DA:58,3
DA:59,1
DA:63,2
DA:65,2
DA:66,2
DA:68,2
DA:75,2
DA:77,2
DA:87,6
DA:88,1
DA:90,5
DA:91,1
DA:96,4
DA:97,4
DA:98,0
DA:100,4
DA:101,1
DA:103,3
DA:104,1
DA:110,2
DA:113,2
DA:114,2
DA:116,2
DA:123,2
DA:125,2
DA:134,3
DA:135,3
DA:136,1
DA:139,2
DA:140,2
DA:144,1
LF:46
LH:45
BRDA:29,0,0,2
BRDA:29,0,1,2
BRDA:29,1,0,4
BRDA:29,1,1,3
BRDA:29,1,2,3
BRDA:41,2,0,1
BRDA:41,2,1,1
BRDA:41,3,0,2
BRDA:41,3,1,2
BRDA:41,3,2,2
BRDA:55,4,0,1
BRDA:55,4,1,3
BRDA:58,5,0,1
BRDA:58,5,1,2
BRDA:87,6,0,1
BRDA:87,6,1,5
BRDA:87,7,0,6
BRDA:87,7,1,5
BRDA:90,8,0,1
BRDA:90,8,1,4
BRDA:97,9,0,0
BRDA:97,9,1,4
BRDA:100,10,0,1
BRDA:100,10,1,3
BRDA:103,11,0,1
BRDA:103,11,1,2
BRDA:135,12,0,1
BRDA:135,12,1,2
BRF:28
BRH:27
end_of_record
TN:
SF:src\ReportService.js
FN:7,(anonymous_0)
FN:16,(anonymous_1)
FN:23,(anonymous_2)
FN:24,(anonymous_3)
FN:38,(anonymous_4)
FN:45,(anonymous_5)
FN:46,(anonymous_6)
FN:48,(anonymous_7)
FN:49,(anonymous_8)
FNF:9
FNH:9
FNDA:8,(anonymous_0)
FNDA:4,(anonymous_1)
FNDA:5,(anonymous_2)
FNDA:5,(anonymous_3)
FNDA:4,(anonymous_4)
FNDA:5,(anonymous_5)
FNDA:5,(anonymous_6)
FNDA:4,(anonymous_7)
FNDA:1,(anonymous_8)
DA:8,8
DA:9,8
DA:17,4
DA:19,4
DA:20,2
DA:23,5
DA:24,5
DA:26,2
DA:39,4
DA:41,4
DA:42,2
DA:45,5
DA:46,5
DA:48,4
DA:49,2
DA:51,2
DA:61,1
LF:17
LH:17
BRDA:19,0,0,2
BRDA:19,0,1,2
BRDA:19,1,0,4
BRDA:19,1,1,3
BRDA:41,2,0,2
BRDA:41,2,1,2
BRDA:41,3,0,4
BRDA:41,3,1,3
BRF:8
BRH:8
end_of_record
