TN:
SF:src\MembershipService.js
FN:7,(anonymous_0)
FN:16,(anonymous_1)
FN:45,(anonymous_2)
FN:63,(anonymous_3)
FN:81,(anonymous_4)
FNF:5
FNH:5
FNDA:10,(anonymous_0)
FNDA:3,(anonymous_1)
FNDA:3,(anonymous_2)
FNDA:2,(anonymous_3)
FNDA:2,(anonymous_4)
DA:8,10
DA:17,3
DA:18,1
DA:21,2
DA:22,2
DA:23,1
DA:26,1
DA:36,1
DA:37,1
DA:46,3
DA:47,3
DA:48,1
DA:50,2
DA:51,1
DA:53,1
DA:54,1
DA:55,1
DA:64,2
DA:65,2
DA:66,0
DA:68,2
DA:69,1
DA:71,1
DA:72,1
DA:73,1
DA:82,2
DA:83,2
DA:84,1
DA:86,1
DA:96,1
LF:30
LH:29
BRDA:17,0,0,1
BRDA:17,0,1,2
BRDA:17,1,0,3
BRDA:17,1,1,3
BRDA:17,1,2,3
BRDA:17,1,3,3
BRDA:17,1,4,2
BRDA:22,2,0,1
BRDA:22,2,1,1
BRDA:47,3,0,1
BRDA:47,3,1,2
BRDA:50,4,0,1
BRDA:50,4,1,1
BRDA:65,5,0,0
BRDA:65,5,1,2
BRDA:68,6,0,1
BRDA:68,6,1,1
BRDA:83,7,0,1
BRDA:83,7,1,1
BRF:19
BRH:18
end_of_record
TN:
SF:src\PointsService.js
FN:7,(anonymous_0)
FN:28,(anonymous_1)
FN:40,(anonymous_2)
FN:53,(anonymous_3)
FN:86,(anonymous_4)
FN:133,(anonymous_5)
FNF:6
FNH:6
FNDA:18,(anonymous_0)
FNDA:4,(anonymous_1)
FNDA:2,(anonymous_2)
FNDA:4,(anonymous_3)
FNDA:6,(anonymous_4)
FNDA:3,(anonymous_5)
DA:8,18
DA:9,18
DA:12,18
DA:18,18
DA:29,4
DA:30,2
DA:32,2
DA:33,2
DA:41,2
DA:42,1
DA:44,1
DA:45,1
DA:54,4
DA:55,4
DA:56,1
DA:58,3
DA:59,1
DA:63,2
DA:65,2
DA:66,2
DA:68,2
DA:75,2
DA:77,2
DA:87,6
DA:88,1
DA:90,5
DA:91,1
DA:96,4
DA:97,4
DA:98,0
DA:100,4
DA:101,1
DA:103,3
DA:104,1
DA:110,2
DA:113,2
DA:114,2
DA:116,2
DA:123,2
DA:125,2
DA:134,3
DA:135,3
DA:136,1
DA:139,2
DA:140,2
DA:144,1
LF:46
LH:45
BRDA:29,0,0,2
BRDA:29,0,1,2
BRDA:29,1,0,4
BRDA:29,1,1,3
BRDA:29,1,2,3
BRDA:41,2,0,1
BRDA:41,2,1,1
BRDA:41,3,0,2
BRDA:41,3,1,2
BRDA:41,3,2,2
BRDA:55,4,0,1
BRDA:55,4,1,3
BRDA:58,5,0,1
BRDA:58,5,1,2
BRDA:87,6,0,1
BRDA:87,6,1,5
BRDA:87,7,0,6
BRDA:87,7,1,5
BRDA:90,8,0,1
BRDA:90,8,1,4
BRDA:97,9,0,0
BRDA:97,9,1,4
BRDA:100,10,0,1
BRDA:100,10,1,3
BRDA:103,11,0,1
BRDA:103,11,1,2
BRDA:135,12,0,1
BRDA:135,12,1,2
BRF:28
BRH:27
end_of_record
TN:
SF:src\ReportService.js
FN:7,(anonymous_0)
FN:16,(anonymous_1)
FN:23,(anonymous_2)
FN:24,(anonymous_3)
FN:38,(anonymous_4)
FN:45,(anonymous_5)
FN:46,(anonymous_6)
FN:48,(anonymous_7)
FN:49,(anonymous_8)
FNF:9
FNH:9
FNDA:8,(anonymous_0)
FNDA:4,(anonymous_1)
FNDA:5,(anonymous_2)
FNDA:5,(anonymous_3)
FNDA:4,(anonymous_4)
FNDA:5,(anonymous_5)
FNDA:5,(anonymous_6)
FNDA:4,(anonymous_7)
FNDA:1,(anonymous_8)
DA:8,8
DA:9,8
DA:17,4
DA:19,4
DA:20,2
DA:23,5
DA:24,5
DA:26,2
DA:39,4
DA:41,4
DA:42,2
DA:45,5
DA:46,5
DA:48,4
DA:49,2
DA:51,2
DA:61,1
LF:17
LH:17
BRDA:19,0,0,2
BRDA:19,0,1,2
BRDA:19,1,0,4
BRDA:19,1,1,3
BRDA:41,2,0,2
BRDA:41,2,1,2
BRDA:41,3,0,4
BRDA:41,3,1,3
BRF:8
BRH:8
end_of_record
TN:
SF:src\index.js
FN:23,(anonymous_0)
FN:24,(anonymous_1)
FN:25,(anonymous_2)
FN:26,(anonymous_3)
FN:28,(anonymous_4)
FN:33,menuPrincipal
FN:67,menuMembresias
FN:96,registrarMembresia
FN:101,(anonymous_8)
FN:102,(anonymous_9)
FN:103,(anonymous_10)
FN:126,activarMembresia
FN:129,(anonymous_12)
FN:142,desactivarMembresia
FN:145,(anonymous_14)
FN:158,consultarMembresia
FN:161,(anonymous_16)
FN:181,menuPuntos
FN:208,acumularPuntos
FN:211,(anonymous_19)
FN:226,redimirPuntos
FN:229,(anonymous_21)
FN:230,(anonymous_22)
FN:246,verHistorial
FN:249,(anonymous_24)
FN:259,(anonymous_25)
FN:275,menuReportes
FN:300,reporteMembresias
FN:311,(anonymous_28)
FN:315,(anonymous_29)
FN:324,reportePuntos
FN:341,menuReglas
FN:366,configurarAcumulacion
FN:371,(anonymous_33)
FN:372,(anonymous_34)
FN:387,configurarRedencion
FN:392,(anonymous_36)
FN:393,(anonymous_37)
FNF:38
FNH:0
FNDA:0,(anonymous_0)
FNDA:0,(anonymous_1)
FNDA:0,(anonymous_2)
FNDA:0,(anonymous_3)
FNDA:0,(anonymous_4)
FNDA:0,menuPrincipal
FNDA:0,menuMembresias
FNDA:0,registrarMembresia
FNDA:0,(anonymous_8)
FNDA:0,(anonymous_9)
FNDA:0,(anonymous_10)
FNDA:0,activarMembresia
FNDA:0,(anonymous_12)
FNDA:0,desactivarMembresia
FNDA:0,(anonymous_14)
FNDA:0,consultarMembresia
FNDA:0,(anonymous_16)
FNDA:0,menuPuntos
FNDA:0,acumularPuntos
FNDA:0,(anonymous_19)
FNDA:0,redimirPuntos
FNDA:0,(anonymous_21)
FNDA:0,(anonymous_22)
FNDA:0,verHistorial
FNDA:0,(anonymous_24)
FNDA:0,(anonymous_25)
FNDA:0,menuReportes
FNDA:0,reporteMembresias
FNDA:0,(anonymous_28)
FNDA:0,(anonymous_29)
FNDA:0,reportePuntos
FNDA:0,menuReglas
FNDA:0,configurarAcumulacion
FNDA:0,(anonymous_33)
FNDA:0,(anonymous_34)
FNDA:0,configurarRedencion
FNDA:0,(anonymous_36)
FNDA:0,(anonymous_37)
DA:8,0
DA:9,0
DA:10,0
DA:11,0
DA:12,0
DA:15,0
DA:16,0
DA:18,0
DA:19,0
DA:20,0
DA:23,0
DA:24,0
DA:25,0
DA:26,0
DA:28,0
DA:29,0
DA:34,0
DA:35,0
DA:36,0
DA:38,0
DA:54,0
DA:55,0
DA:56,0
DA:57,0
DA:58,0
DA:60,0
DA:61,0
DA:68,0
DA:69,0
DA:85,0
DA:86,0
DA:87,0
DA:88,0
DA:89,0
DA:90,0
DA:93,0
DA:97,0
DA:98,0
DA:100,0
DA:101,0
DA:102,0
DA:103,0
DA:112,0
DA:113,0
DA:114,0
DA:115,0
DA:116,0
DA:117,0
DA:118,0
DA:120,0
DA:123,0
DA:127,0
DA:128,0
DA:129,0
DA:132,0
DA:133,0
DA:134,0
DA:136,0
DA:139,0
DA:143,0
DA:144,0
DA:145,0
DA:148,0
DA:149,0
DA:150,0
DA:152,0
DA:155,0
DA:159,0
DA:160,0
DA:161,0
DA:164,0
DA:165,0
DA:166,0
DA:167,0
DA:168,0
DA:169,0
DA:170,0
DA:171,0
DA:173,0
DA:176,0
DA:182,0
DA:183,0
DA:198,0
DA:199,0
DA:200,0
DA:201,0
DA:202,0
DA:205,0
DA:209,0
DA:210,0
DA:211,0
DA:214,0
DA:215,0
DA:216,0
DA:217,0
DA:218,0
DA:220,0
DA:223,0
DA:227,0
DA:228,0
DA:229,0
DA:230,0
DA:233,0
DA:234,0
DA:235,0
DA:236,0
DA:237,0
DA:238,0
DA:240,0
DA:243,0
DA:247,0
DA:248,0
DA:249,0
DA:252,0
DA:253,0
DA:255,0
DA:256,0
DA:258,0
DA:259,0
DA:260,0
DA:261,0
DA:262,0
DA:263,0
DA:267,0
DA:270,0
DA:276,0
DA:277,0
DA:291,0
DA:292,0
DA:293,0
DA:294,0
DA:297,0
DA:301,0
DA:302,0
DA:304,0
DA:306,0
DA:307,0
DA:309,0
DA:310,0
DA:311,0
DA:313,0
DA:314,0
DA:315,0
DA:317,0
DA:318,0
DA:321,0
DA:325,0
DA:326,0
DA:328,0
DA:330,0
DA:331,0
DA:332,0
DA:333,0
DA:334,0
DA:336,0
DA:342,0
DA:343,0
DA:357,0
DA:358,0
DA:359,0
DA:360,0
DA:363,0
DA:367,0
DA:368,0
DA:370,0
DA:371,0
DA:372,0
DA:375,0
DA:376,0
DA:377,0
DA:378,0
DA:379,0
DA:381,0
DA:384,0
DA:388,0
DA:389,0
DA:391,0
DA:392,0
DA:393,0
DA:396,0
DA:397,0
DA:398,0
DA:399,0
DA:400,0
DA:402,0
DA:405,0
DA:409,0
LF:187
LH:0
BRDA:54,0,0,0
BRDA:54,0,1,0
BRDA:54,0,2,0
BRDA:54,0,3,0
BRDA:54,0,4,0
BRDA:85,1,0,0
BRDA:85,1,1,0
BRDA:85,1,2,0
BRDA:85,1,3,0
BRDA:85,1,4,0
BRDA:101,2,0,0
BRDA:101,2,1,0
BRDA:102,3,0,0
BRDA:102,3,1,0
BRDA:103,4,0,0
BRDA:103,4,1,0
BRDA:129,5,0,0
BRDA:129,5,1,0
BRDA:145,6,0,0
BRDA:145,6,1,0
BRDA:161,7,0,0
BRDA:161,7,1,0
BRDA:170,8,0,0
BRDA:170,8,1,0
BRDA:198,9,0,0
BRDA:198,9,1,0
BRDA:198,9,2,0
BRDA:198,9,3,0
BRDA:211,10,0,0
BRDA:211,10,1,0
BRDA:229,11,0,0
BRDA:229,11,1,0
BRDA:230,12,0,0
BRDA:230,12,1,0
BRDA:249,13,0,0
BRDA:249,13,1,0
BRDA:255,14,0,0
BRDA:255,14,1,0
BRDA:260,15,0,0
BRDA:260,15,1,0
BRDA:261,16,0,0
BRDA:261,16,1,0
BRDA:291,17,0,0
BRDA:291,17,1,0
BRDA:291,17,2,0
BRDA:309,18,0,0
BRDA:309,18,1,0
BRDA:313,19,0,0
BRDA:313,19,1,0
BRDA:317,20,0,0
BRDA:317,20,1,0
BRDA:317,21,0,0
BRDA:317,21,1,0
BRDA:333,22,0,0
BRDA:333,22,1,0
BRDA:334,23,0,0
BRDA:334,23,1,0
BRDA:357,24,0,0
BRDA:357,24,1,0
BRDA:357,24,2,0
BRDA:371,25,0,0
BRDA:371,25,1,0
BRDA:372,26,0,0
BRDA:372,26,1,0
BRDA:392,27,0,0
BRDA:392,27,1,0
BRDA:393,28,0,0
BRDA:393,28,1,0
BRF:68
BRH:0
end_of_record
TN:
SF:src\repositories.js
FN:7,(anonymous_0)
FN:11,(anonymous_1)
FN:12,(anonymous_2)
FN:15,(anonymous_3)
FN:19,(anonymous_4)
FN:23,(anonymous_5)
FN:24,(anonymous_6)
FN:30,(anonymous_7)
FN:34,(anonymous_8)
FN:38,(anonymous_9)
FN:39,(anonymous_10)
FN:42,(anonymous_11)
FNF:12
FNH:0
FNDA:0,(anonymous_0)
FNDA:0,(anonymous_1)
FNDA:0,(anonymous_2)
FNDA:0,(anonymous_3)
FNDA:0,(anonymous_4)
FNDA:0,(anonymous_5)
FNDA:0,(anonymous_6)
FNDA:0,(anonymous_7)
FNDA:0,(anonymous_8)
FNDA:0,(anonymous_9)
FNDA:0,(anonymous_10)
FNDA:0,(anonymous_11)
DA:8,0
DA:12,0
DA:16,0
DA:20,0
DA:24,0
DA:25,0
DA:31,0
DA:35,0
DA:39,0
DA:43,0
DA:47,0
LF:11
LH:0
BRDA:12,0,0,0
BRDA:12,0,1,0
BRDA:25,1,0,0
BRDA:25,1,1,0
BRF:4
BRH:0
end_of_record
